This file contains any messages produced by compilers while
running configure, to aid debugging if configure makes a mistake.

It was created by wolfbench configure 0.1, which was
generated by GNU Autoconf 2.71.  Invocation command line was

  $ /ece566/wolfbench/configure --enable-customtool=/ece566/projects/p3/C++/build/p3 --enable-faultinjecttool=/ece566/projects/p3/C++/build/fi

## --------- ##
## Platform. ##
## --------- ##

hostname = 4d888473a333
uname -m = aarch64
uname -r = 6.3.13-linuxkit
uname -s = Linux
uname -v = #1 SMP PREEMPT Thu Sep  7 07:48:47 UTC 2023

/usr/bin/uname -p = aarch64
/bin/uname -X     = unknown

/bin/arch              = aarch64
/usr/bin/arch -k       = unknown
/usr/convex/getsysinfo = unknown
/usr/bin/hostinfo      = unknown
/bin/machine           = unknown
/usr/bin/oslevel       = unknown
/bin/universe          = unknown

PATH: /usr/local/sbin/
PATH: /usr/local/bin/
PATH: /usr/sbin/
PATH: /usr/bin/
PATH: /sbin/
PATH: /bin/
PATH: /usr/games/


## ----------- ##
## Core tests. ##
## ----------- ##

configure:1784: checking for gcc
configure:1807: found /usr/bin/gcc
configure:1820: result: /usr/bin/gcc
configure:1830: checking for clang-17
configure:1853: found /usr/bin/clang-17
configure:1866: result: /usr/bin/clang-17
configure:1876: checking for clang++-17
configure:1899: found /usr/bin/clang++-17
configure:1912: result: /usr/bin/clang++-17
configure:1922: checking for opt-17
configure:1945: found /usr/bin/opt-17
configure:1958: result: /usr/bin/opt-17
configure:1968: checking for llvm-link-17
configure:1991: found /usr/bin/llvm-link-17
configure:2004: result: /usr/bin/llvm-link-17
configure:2014: checking for llvm-dis-17
configure:2037: found /usr/bin/llvm-dis-17
configure:2050: result: /usr/bin/llvm-dis-17
configure:2060: checking for llvm-config-17
configure:2083: found /usr/bin/llvm-config-17
configure:2096: result: /usr/bin/llvm-config-17
configure:2106: checking for llc-17
configure:2129: found /usr/bin/llc-17
configure:2142: result: /usr/bin/llc-17
configure:2152: checking for llvm-as-17
configure:2175: found /usr/bin/llvm-as-17
configure:2188: result: /usr/bin/llvm-as-17
configure:2461: creating ./config.status

## ---------------------- ##
## Running config.status. ##
## ---------------------- ##

This file was extended by wolfbench config.status 0.1, which was
generated by GNU Autoconf 2.71.  Invocation command line was

  CONFIG_FILES    = 
  CONFIG_HEADERS  = 
  CONFIG_LINKS    = 
  CONFIG_COMMANDS = 
  $ ./config.status 

on 4d888473a333

config.status:755: creating Makefile.defs
config.status:755: creating Makefile.config
config.status:755: creating Makefile
config.status:755: creating SimpleTests/Makefile
config.status:755: creating Benchmarks/Makefile
config.status:755: creating Benchmarks/adpcm/Makefile
config.status:755: creating Benchmarks/arm/Makefile
config.status:755: creating Benchmarks/basicmath/Makefile
config.status:755: creating Benchmarks/bh/Makefile
config.status:755: creating Benchmarks/bisort/Makefile
config.status:755: creating Benchmarks/bitcount/Makefile
config.status:755: creating Benchmarks/bwmem/Makefile
config.status:755: creating Benchmarks/CRC32/Makefile
config.status:755: creating Benchmarks/dijkstra/Makefile
config.status:755: creating Benchmarks/em3d/Makefile
config.status:755: creating Benchmarks/FFT/Makefile
config.status:755: creating Benchmarks/FIR/Makefile
config.status:755: creating Benchmarks/hanoi/Makefile
config.status:755: creating Benchmarks/kmp/Makefile
config.status:755: creating Benchmarks/l2lat/Makefile
config.status:755: creating Benchmarks/mst/Makefile
config.status:755: creating Benchmarks/patricia/Makefile
config.status:755: creating Benchmarks/qsort/Makefile
config.status:755: creating Benchmarks/sha/Makefile
config.status:755: creating Benchmarks/smatrix/Makefile
config.status:755: creating Benchmarks/susan/Makefile
config.status:755: creating Benchmarks/sqlite/Makefile
config.status:755: creating P1Tests/Makefile
config.status:755: creating P2Tests/Makefile

## ---------------- ##
## Cache variables. ##
## ---------------- ##

ac_cv_env_build_alias_set=
ac_cv_env_build_alias_value=
ac_cv_env_host_alias_set=
ac_cv_env_host_alias_value=
ac_cv_env_target_alias_set=
ac_cv_env_target_alias_value=
ac_cv_path_CLANG=/usr/bin/clang-17
ac_cv_path_CLANGXX=/usr/bin/clang++-17
ac_cv_path_GCC=/usr/bin/gcc
ac_cv_path_LLC=/usr/bin/llc-17
ac_cv_path_LLVMAS=/usr/bin/llvm-as-17
ac_cv_path_LLVM_CONFIG=/usr/bin/llvm-config-17
ac_cv_path_LLVM_DIS=/usr/bin/llvm-dis-17
ac_cv_path_LLVM_LINK=/usr/bin/llvm-link-17
ac_cv_path_OPT=/usr/bin/opt-17

## ----------------- ##
## Output variables. ##
## ----------------- ##

CLANG='/usr/bin/clang-17'
CLANGXX='/usr/bin/clang++-17'
CUSTOMCODEGEN=''
CUSTOMTOOL='/ece566/projects/p3/C++/build/p3'
DEBUG=''
DEFS='-DPACKAGE_NAME=\"wolfbench\" -DPACKAGE_TARNAME=\"wolfbench\" -DPACKAGE_VERSION=\"0.1\" -DPACKAGE_STRING=\"wolfbench\ 0.1\" -DPACKAGE_BUGREPORT=\"jtuck@ncsu.edu\" -DPACKAGE_URL=\"\"'
DIRS='SimpleTests Benchmarks'
DRAGONEGG=''
ECHO_C=''
ECHO_N='-n'
ECHO_T=''
EXTRA_SUFFIX=''
FAULTINJECTTOOL='/ece566/projects/p3/C++/build/fi'
GCC='/usr/bin/gcc'
LIBOBJS=''
LIBS=''
LLC='/usr/bin/llc-17'
LLVM=''
LLVMAS='/usr/bin/llvm-as-17'
LLVM_CONFIG='/usr/bin/llvm-config-17'
LLVM_DIS='/usr/bin/llvm-dis-17'
LLVM_LINK='/usr/bin/llvm-link-17'
LTLIBOBJS=''
OPT='/usr/bin/opt-17'
P1TOOL='true'
P2TOOL=''
PACKAGE_BUGREPORT='jtuck@ncsu.edu'
PACKAGE_NAME='wolfbench'
PACKAGE_STRING='wolfbench 0.1'
PACKAGE_TARNAME='wolfbench'
PACKAGE_URL=''
PACKAGE_VERSION='0.1'
PATH_SEPARATOR=':'
PROFILER=''
SHELL='/bin/bash'
bindir='${exec_prefix}/bin'
build_alias=''
datadir='${datarootdir}'
datarootdir='${prefix}/share'
docdir='${datarootdir}/doc/${PACKAGE_TARNAME}'
dvidir='${docdir}'
exec_prefix='${prefix}'
host_alias=''
htmldir='${docdir}'
includedir='${prefix}/include'
infodir='${datarootdir}/info'
libdir='${exec_prefix}/lib'
libexecdir='${exec_prefix}/libexec'
localedir='${datarootdir}/locale'
localstatedir='${prefix}/var'
mandir='${datarootdir}/man'
oldincludedir='/usr/include'
p2cases='$(ece466) $(ece566)'
pdfdir='${docdir}'
prefix='/ece566/projects/p3/C++/p3-faults/install'
program_transform_name='s,x,x,'
psdir='${docdir}'
runstatedir='${localstatedir}/run'
sbindir='${exec_prefix}/sbin'
sharedstatedir='${prefix}/com'
sysconfdir='${prefix}/etc'
target_alias=''

## ----------- ##
## confdefs.h. ##
## ----------- ##

/* confdefs.h */
#define PACKAGE_NAME "wolfbench"
#define PACKAGE_TARNAME "wolfbench"
#define PACKAGE_VERSION "0.1"
#define PACKAGE_STRING "wolfbench 0.1"
#define PACKAGE_BUGREPORT "jtuck@ncsu.edu"
#define PACKAGE_URL ""

configure: exit 0
